Fing 3.7.2
Git
Microsoft OneDrive
Microsoft Office Professional Plus 2019 - en-us
Vulkan Run Time Libraries 1.0.33.0
Vulkan Run Time Libraries 1.0.33.0
Python 3.11.9 pip Bootstrap (64-bit)
Microsoft Update Health Tools
Python 3.11.9 Utility Scripts (64-bit)
Microsoft Visual C++ 2022 X64 Minimum Runtime - 14.32.31332
Python 3.11.9 Documentation (64-bit)
Python 3.11.9 Tcl/Tk Support (64-bit)
Intel(R) Computing Improvement Program
Office 16 Click-to-Run Licensing Component
Office 16 Click-to-Run Extensibility Component
Python 3.11.9 Standard Library (64-bit)
Python 3.11.9 Test Suite (64-bit)
Python 3.11.9 Core Interpreter (64-bit)
Python 3.11.9 Executables (64-bit)
Python 3.11.9 Add to Path (64-bit)
Python 3.11.9 Development Libraries (64-bit)
Update for x64-based Windows Systems (KB5001716)
Microsoft Visual C++ 2022 X64 Additional Runtime - 14.32.31332
Google Chrome
Microsoft Edge
Microsoft Edge WebView2 Runtime
Npcap OEM
Qt Designer
Microsoft Visual C++ 2015-2022 Redistributable (x64) - 14.32.31332
Microsoft Visual C++ 2022 X86 Additional Runtime - 14.32.31332
Microsoft Visual C++ 2015-2022 Redistributable (x86) - 14.32.31332
Microsoft Visual C++ 2022 X86 Minimum Runtime - 14.32.31332
Intel(R) Processor Graphics
Python Launcher
YouTube
Discord
YouTube Music
GitHub Desktop
Rustup: the Rust toolchain installer
Zoom Workplace
Python 3.11.9 (64-bit)
Microsoft Visual Studio Code (User)
MSYS2
